Script handler ready. Waiting for a while to ensure all other mods are done messing with NEI.
Starting NEI Filter scripting. This might take a moment to load all the modules...
Engine: JAVASCRIPT
Setting up Java Library...
Setting up FML Library...
Setting up NEI Library...
Setting up CreativeTab library...
Found creative tab: tabBloodMagic
Found creative tab: misc
Found creative tab: agricraft
Found creative tab: tabs.awcore
Found creative tab: tabs.automation
Found creative tab: tabs.npc
Found creative tab: tabs.structures
Found creative tab: Artifice
Found creative tab: Artifice Worldgen
Found creative tab: Automagy
Found creative tab: tab.backpacks
Found creative tab: materials
Found creative tab: tools
Found creative tab: BiblioCraft
Found creative tab: BiblioCraftLights
Found creative tab: BiblioWoodsForestry
Found creative tab: BiblioWoodsNatura
Found creative tab: BigReactors
Found creative tab: buildingBlocks
Found creative tab: Botania
Found creative tab: Botany
Found creative tab: buildcraft.blocks
Found creative tab: buildcraft.items
Found creative tab: buildcraft.boards
Found creative tab: buildcraft.pipes
Found creative tab: buildcraft.facades
Found creative tab: CarpentersBlocks
Found creative tab: ComputerCraft
Found creative tab: combat
Found creative tab: decorations
Found creative tab: blocksAndItems
Found creative tab: food
Found creative tab: toolsAndWeapons
Found creative tab: enchiridion
Found creative tab: EnderIO
Found creative tab: EnderZoo
Found creative tab: EnhancedInventories
Found creative tab: apiculture
Found creative tab: extratic.items
Found creative tab: arboriculture
Found creative tab: extraUtil
Found creative tab: combat
Found creative tab: extraUtil_FMP
Found creative tab: forbidden
Found creative tab: mobcrystal
Found creative tab: forestry
Found creative tab: lepidopterology
Found creative tab: gardenCore
Found creative tab: gardenTrees
Found creative tab: Genetics
Found creative tab: gcewing_lighting:tab
Found creative tab: tabGrowthCraft
Found creative tab: tabGrCCellar
Found creative tab: tabHardcoreEnderExpansion
Found creative tab: jabba
Found creative tab: Logistics_Pipes
Found creative tab: redstone
Found creative tab: magicBees
Found creative tab: Magistics
Found creative tab: Metallurgy.Machines
Found creative tab: Metallurgy.Tools
Found creative tab: Metallurgy.Items
Found creative tab: Metallurgy.Blocks
Found creative tab: Metallurgy.Armor
Found creative tab: metallurgyCore.items
Found creative tab: tabMekanism
Found creative tab: MineFactory Reloaded
Found creative tab: natura.plants
Found creative tab: transportation
Found creative tab: natura.nether
Found creative tab: natura.trees
Found creative tab: Nether Ores
Found creative tab: tabOpenBlocks
Found creative tab: OpenComputers
Found creative tab: tabOpenPeripheralAddons
Found creative tab: Pistronics2
Found creative tab: tabPneumaticCraft
Found creative tab: TConstructBlocks
Found creative tab: core
Found creative tab: expansion
Found creative tab: exploration
Found creative tab: ill
Found creative tab: int
Found creative tab: trans
Found creative tab: transport
Found creative tab: RArm.creativeTab
Found creative tab: railcraft
Found creative tab: Random Things
Found creative tab: redstonearsenal.creativeTab
Found creative tab: RefinedRelocation
Found creative tab: Router Reborn
Found creative tab: soul_shards_reborn
Found creative tab: sfm
Found creative tab: steves_production
Found creative tab: storageDrawers
Found creative tab: storageDrawersSorting
Found creative tab: TConstructWeaponry
Found creative tab: TConstructParts
Found creative tab: TConstructTools
Found creative tab: TConstructMaterials
Found creative tab: TConstructEquipables
Found creative tab: TMechworks
Found creative tab: thaumcraft
Found creative tab: ThaumicTinkerer
Found creative tab: brewing
Found creative tab: thermaldynamics.creativeTab
Found creative tab: thermalexpansion.creativeTabBlocks
Found creative tab: thermalexpansion.creativeTabItems
Found creative tab: thermalexpansion.creativeTabTools
Found creative tab: thermalexpansion.creativeTabFlorbs
Found creative tab: thermalfoundation.creativeTab
Found creative tab: thermalfoundation.creativeTabArmor
Found creative tab: thermalfoundation.creativeTabTools
Found creative tab: thermalsmeltery.creativeTabItems
Found creative tab: ztones
Found creative tab: bdew.generators
Found creative tab: bdew.ae2stuff
Found creative tab: aobd
Found creative tab: appliedenergistics2
Found creative tab: appliedenergistics2.facades
Found creative tab: aura
Found creative tab: BuildcraftAdditions
Found creative tab: bcaCanisters
Found creative tab: bcaDusts
Found creative tab: Eureka
Found creative tab: tabWoodChiselBlocks
Found creative tab: tabModdedChiselBlocks
Found creative tab: tabStoneChiselBlocks
Found creative tab: tabOtherChiselBlocks
Found creative tab: tabChisel
Found creative tab: tabMetalChiselBlocks
Found creative tab: tabComputronics
Found creative tab: enhancedportals
Found creative tab: erebus.plants
Found creative tab: erebus.block
Found creative tab: erebus.special
Found creative tab: erebus.gear
Found creative tab: erebus.item
Found creative tab: Extra_Cells
Found creative tab: factorizationTab
Found creative tab: Fluxed-Crystals
Found creative tab: Extra_Cells
Found creative tab: funkylocomotion
Found creative tab: ganysend
Found creative tab: ganysnether
Found creative tab: ganyssurface
Found creative tab: bdew.gendustry
Found creative tab: bdew.samples
Found creative tab: bdew.templates
Found creative tab: guideapi.creativeTab
Found creative tab: tabHarvestCraft2
Found creative tab: tabHarvestCraft3
Found creative tab: tabHarvestCraft
Found creative tab: malisisdoors
Found creative tab: menagerie
Found creative tab: bdew.canisters
Found creative tab: bdew.pressure
Found creative tab: props.main
Found creative tab: search
Found creative tab: headcrumbs
Found creative tab: magicalcrops
Found creative tab: inventoryGenerators
Found creative tab: structureTools
Found creative tab: tabSimplyJetpacks
Found creative tab: Technomancy
Found creative tab: ThaumicEnergistics
Found creative tab: tabWitchery
Setting up ForgeMicroblock Library...
Setting up ExtraUtilities Library...
Setting up BuildCraft Library...
Setting up Applied Energistics 2 Library...
Loading table of contents for module: custom_nei_filters, 1.0, Author: denoflionsx
Bootstrap setting found. Loading: Bootstrap.js
Loading: vanilla.js
hide called. Params: minecraft, portal
Regex match found! minecraft:portal matches minecraft:portal.
Found ItemStack minecraft:portal. 64xtile.portal@0
hide called. Params: minecraft, end_portal
Regex match found! minecraft:end_portal matches minecraft:end_portal.
Found ItemStack minecraft:end_portal. 64xtile.null@0
hide called. Params: minecraft, fire
Regex match found! minecraft:fire matches minecraft:fire.
Found ItemStack minecraft:fire. 64xtile.fire@0
hide called. Params: minecraft, water
Regex match found! minecraft:water matches minecraft:water.
Found ItemStack minecraft:water. 64xtile.water@0
hide called. Params: minecraft, lava
Regex match found! minecraft:lava matches minecraft:lava.
Found ItemStack minecraft:lava. 64xtile.lava@0
hide called. Params: minecraft, mob_spawner
Regex match found! minecraft:mob_spawner matches minecraft:mob_spawner.
Found ItemStack minecraft:mob_spawner. 64xtile.mobSpawner@0
override called. Params: minecraft, potion, 0
Regex match found! minecraft:potion matches minecraft:potion.
Found ItemStack minecraft:potion. 1xitem.potion@0
override called. Params: minecraft, spawn_egg, 0
Regex match found! minecraft:spawn_egg matches minecraft:spawn_egg.
Found ItemStack minecraft:spawn_egg. 64xitem.monsterPlacer@0
Loading: ThermalExpansion.js
override called. Params: ThermalExpansion, florb, 0,1
Regex match found! ThermalExpansion:florb matches ThermalExpansion:florb.
Found ItemStack ThermalExpansion:florb. 16xitem.thermalexpansion.florb@0
Loading: Mekanism.js
Loading: ForgeMicroblock.js
getRandomMaterial called. Returned: Artifice:tile.artifice.glasswall_3
obliterate_microblocks called (version in info.inpureprojects.core.NEI.gtfoMicroblocks.ScriptObjects.ForgeMicroblockObject). Params: 1,2,4,257,258,260,513,514,516,769,770,772, Artifice:tile.artifice.glasswall_3
Loading: ExtraUtilities.js
override called. Params: ExtraUtilities, drum, 0,1
Regex match found! ExtraUtilities:drum matches ExtraUtilities:drum.
Found ItemStack ExtraUtilities:drum. 64xtile.extrautils:drum@0
getRandomMaterial called. Returned: Artifice:tile.artifice.lamp.black
obliterate_microblocks called (version in info.inpureprojects.core.NEI.gtfoMicroblocks.ScriptObjects.ExtraUtilitiesObject). Params: 1,2,3, Artifice:tile.artifice.lamp.black
Loading: BuildCraft.js
getFacadesSize called. Returned: 4628
obliterate_microblocks called (version in info.inpureprojects.core.NEI.gtfoMicroblocks.ScriptObjects.BCObject). Params: 3863
getRandomMaterial called. Returned: ExtraTrees:log
obliterate_microblocks called (version in info.inpureprojects.core.NEI.gtfoMicroblocks.ScriptObjects.ExtraUtilitiesObject). Params: 1,2,3, ExtraTrees:log
Loading: BuildCraft.js
getFacadesSize called. Returned: 3766
obliterate_microblocks called (version in info.inpureprojects.core.NEI.gtfoMicroblocks.ScriptObjects.BCObject). Params: 83
Loading: Bibliocraft.js
override called. Params: BiblioCraft, *, 0
Regex match found! BiblioCraft:* matches BiblioCraft:Armor.
Regex match found! BiblioCraft:* matches BiblioCraft:BiblioBell.
Regex match found! BiblioCraft:* matches BiblioCraft:BiblioBorderlessPainting.
Regex match found! BiblioCraft:* matches BiblioCraft:BiblioCase.
Regex match found! BiblioCraft:* matches BiblioCraft:BiblioClipboard.
Regex match found! BiblioCraft:* matches BiblioCraft:BiblioClock.
Regex match found! BiblioCraft:* matches BiblioCraft:BiblioDesk.
Regex match found! BiblioCraft:* matches BiblioCraft:BiblioFancyPainting.
Regex match found! BiblioCraft:* matches BiblioCraft:BiblioFancySign.
Regex match found! BiblioCraft:* matches BiblioCraft:BiblioFlatPainting.
Regex match found! BiblioCraft:* matches BiblioCraft:BiblioIronLamp.
Regex match found! BiblioCraft:* matches BiblioCraft:BiblioIronLantern.
Regex match found! BiblioCraft:* matches BiblioCraft:BiblioLabel.
Regex match found! BiblioCraft:* matches BiblioCraft:BiblioLamp.
Regex match found! BiblioCraft:* matches BiblioCraft:BiblioLantern.
Regex match found! BiblioCraft:* matches BiblioCraft:BiblioMapFrames.
Regex match found! BiblioCraft:* matches BiblioCraft:BiblioMiddlePainting.
Regex match found! BiblioCraft:* matches BiblioCraft:BiblioPaintPress.
Regex match found! BiblioCraft:* matches BiblioCraft:BiblioPaneler.
Regex match found! BiblioCraft:* matches BiblioCraft:BiblioPotionShelf.
Regex match found! BiblioCraft:* matches BiblioCraft:BiblioRack.
Regex match found! BiblioCraft:* matches BiblioCraft:BiblioSeats.
Regex match found! BiblioCraft:* matches BiblioCraft:BiblioShelf.
Regex match found! BiblioCraft:* matches BiblioCraft:BiblioSimplePainting.
Regex match found! BiblioCraft:* matches BiblioCraft:BiblioStuffs.
Regex match found! BiblioCraft:* matches BiblioCraft:BiblioSwordPedestal.
Regex match found! BiblioCraft:* matches BiblioCraft:BiblioTable.
Regex match found! BiblioCraft:* matches BiblioCraft:BiblioTypewriter.
Regex match found! BiblioCraft:* matches BiblioCraft:BiblioWorkbench.
Regex match found! BiblioCraft:* matches BiblioCraft:Bibliotheca.
Regex match found! BiblioCraft:* matches BiblioCraft:BookcaseFilled.
Regex match found! BiblioCraft:* matches BiblioCraft:Printing.
Regex match found! BiblioCraft:* matches BiblioCraft:Typesetting.
Regex match found! BiblioCraft:* matches BiblioCraft:item.AtlasBook.
Regex match found! BiblioCraft:* matches BiblioCraft:item.AtlasPlate.
Regex match found! BiblioCraft:* matches BiblioCraft:item.BiblioChase.
Regex match found! BiblioCraft:* matches BiblioCraft:item.BiblioClipboard.
Regex match found! BiblioCraft:* matches BiblioCraft:item.BiblioCreativeLock.
Regex match found! BiblioCraft:* matches BiblioCraft:item.BiblioDrill.
Regex match found! BiblioCraft:* matches BiblioCraft:item.BiblioGlasses.
Regex match found! BiblioCraft:* matches BiblioCraft:item.BiblioMapTool.
Regex match found! BiblioCraft:* matches BiblioCraft:item.BiblioRedBook.
Regex match found! BiblioCraft:* matches BiblioCraft:item.BiblioWayPointCompass.
Regex match found! BiblioCraft:* matches BiblioCraft:item.BigBook.
Regex match found! BiblioCraft:* matches BiblioCraft:item.DeathCompass.
Regex match found! BiblioCraft:* matches BiblioCraft:item.EnchantedPlate.
Regex match found! BiblioCraft:* matches BiblioCraft:item.FramingBoard.
Regex match found! BiblioCraft:* matches BiblioCraft:item.FramingSaw.
Regex match found! BiblioCraft:* matches BiblioCraft:item.FramingSheet.
Regex match found! BiblioCraft:* matches BiblioCraft:item.HandDrill.
Regex match found! BiblioCraft:* matches BiblioCraft:item.PaintingCanvas.
Regex match found! BiblioCraft:* matches BiblioCraft:item.PlumbLine.
Regex match found! BiblioCraft:* matches BiblioCraft:item.PrintPlate.
Regex match found! BiblioCraft:* matches BiblioCraft:item.RecipeBook.
Regex match found! BiblioCraft:* matches BiblioCraft:item.SlottedBook.
Regex match found! BiblioCraft:* matches BiblioCraft:item.TesterItem.
Regex match found! BiblioCraft:* matches BiblioCraft:item.seatBack.
Regex match found! BiblioCraft:* matches BiblioCraft:item.seatBack2.
Regex match found! BiblioCraft:* matches BiblioCraft:item.seatBack3.
Regex match found! BiblioCraft:* matches BiblioCraft:item.seatBack4.
Regex match found! BiblioCraft:* matches BiblioCraft:item.seatBack5.
Regex match found! BiblioCraft:* matches BiblioCraft:item.tape.
Regex match found! BiblioCraft:* matches BiblioCraft:item.tapeMeasure.
Cannot find ItemStack BiblioCraft:Armor
Found ItemStack BiblioCraft:BiblioBell. 64xtile.BiblioBell@0
Found ItemStack BiblioCraft:BiblioBorderlessPainting. 64xtile.BiblioBorderlessPainting@0
Found ItemStack BiblioCraft:BiblioCase. 64xtile.BiblioCase@0
Found ItemStack BiblioCraft:BiblioClipboard. 64xtile.BiblioClipboard@0
Found ItemStack BiblioCraft:BiblioClock. 64xtile.BiblioClock@0
Found ItemStack BiblioCraft:BiblioDesk. 64xtile.BiblioDesk@0
Found ItemStack BiblioCraft:BiblioFancyPainting. 64xtile.BiblioFancyPainting@0
Found ItemStack BiblioCraft:BiblioFancySign. 64xtile.BiblioFancySign@0
Found ItemStack BiblioCraft:BiblioFlatPainting. 64xtile.BiblioFlatPainting@0
Found ItemStack BiblioCraft:BiblioIronLamp. 64xtile.BiblioIronLamp@0
Found ItemStack BiblioCraft:BiblioIronLantern. 64xtile.BiblioIronLantern@0
Found ItemStack BiblioCraft:BiblioLabel. 64xtile.BiblioLabel@0
Found ItemStack BiblioCraft:BiblioLamp. 64xtile.BiblioLamp@0
Found ItemStack BiblioCraft:BiblioLantern. 64xtile.BiblioLantern@0
Found ItemStack BiblioCraft:BiblioMapFrames. 64xtile.BiblioMapFrames@0
Found ItemStack BiblioCraft:BiblioMiddlePainting. 64xtile.BiblioMiddlePainting@0
Found ItemStack BiblioCraft:BiblioPaintPress. 64xtile.BiblioPaintPress@0
Found ItemStack BiblioCraft:BiblioPaneler. 64xtile.BiblioPaneler@0
Found ItemStack BiblioCraft:BiblioPotionShelf. 64xtile.BiblioPotionShelf@0
Found ItemStack BiblioCraft:BiblioRack. 64xtile.BiblioRack@0
Found ItemStack BiblioCraft:BiblioSeats. 64xtile.BiblioSeats@0
Found ItemStack BiblioCraft:BiblioShelf. 64xtile.BiblioShelf@0
Found ItemStack BiblioCraft:BiblioSimplePainting. 64xtile.BiblioSimplePainting@0
Found ItemStack BiblioCraft:BiblioStuffs. 64xtile.BiblioStuffs@0
Found ItemStack BiblioCraft:BiblioSwordPedestal. 64xtile.BiblioSwordPedestal@0
Found ItemStack BiblioCraft:BiblioTable. 64xtile.BiblioTable@0
Found ItemStack BiblioCraft:BiblioTypewriter. 64xtile.BiblioTypewriter@0
Found ItemStack BiblioCraft:BiblioWorkbench. 64xtile.BiblioWorkbench@0
Found ItemStack BiblioCraft:Bibliotheca. 64xtile.BiblioBookcase@0
Found ItemStack BiblioCraft:BookcaseFilled. 64xtile.BookcaseFilled@0
Cannot find ItemStack BiblioCraft:Printing
Cannot find ItemStack BiblioCraft:Typesetting
Found ItemStack BiblioCraft:item.AtlasBook. 1xitem.AtlasBook@0
Found ItemStack BiblioCraft:item.AtlasPlate. 1xitem.AtlasPlate@0
Found ItemStack BiblioCraft:item.BiblioChase. 64xitem.BiblioChase@0
Found ItemStack BiblioCraft:item.BiblioClipboard. 1xitem.BiblioClipboard@0
Found ItemStack BiblioCraft:item.BiblioCreativeLock. 1xitem.BiblioCreativeLock@0
Found ItemStack BiblioCraft:item.BiblioDrill. 1xitem.BiblioDrill@0
Found ItemStack BiblioCraft:item.BiblioGlasses. 1xitem.BiblioGlasses@0
Found ItemStack BiblioCraft:item.BiblioMapTool. 1xitem.BiblioMapTool@0
Found ItemStack BiblioCraft:item.BiblioRedBook. 64xitem.BiblioRedBook@0
Found ItemStack BiblioCraft:item.BiblioWayPointCompass. 1xitem.BiblioWayPointCompass@0
Found ItemStack BiblioCraft:item.BigBook. 1xitem.BigBook@0
Found ItemStack BiblioCraft:item.DeathCompass. 64xitem.DeathCompass@0
Found ItemStack BiblioCraft:item.EnchantedPlate. 1xitem.EnchantedPlate@0
Found ItemStack BiblioCraft:item.FramingBoard. 64xitem.FramingBoard@0
Found ItemStack BiblioCraft:item.FramingSaw. 1xitem.FramingSaw@0
Found ItemStack BiblioCraft:item.FramingSheet. 64xitem.FramingSheet@0
Found ItemStack BiblioCraft:item.HandDrill. 1xitem.HandDrill@0
Found ItemStack BiblioCraft:item.PaintingCanvas. 64xitem.PaintingCanvas@0
Found ItemStack BiblioCraft:item.PlumbLine. 1xitem.PlumbLine@0
Found ItemStack BiblioCraft:item.PrintPlate. 1xitem.PrintPlate@0
Found ItemStack BiblioCraft:item.RecipeBook. 1xitem.RecipeBook@0
Found ItemStack BiblioCraft:item.SlottedBook. 1xitem.SlottedBook@0
Found ItemStack BiblioCraft:item.TesterItem. 1xitem.TesterItem@0
Found ItemStack BiblioCraft:item.seatBack. 64xitem.seatBack@0
Found ItemStack BiblioCraft:item.seatBack2. 64xitem.seatBack@0
Found ItemStack BiblioCraft:item.seatBack3. 64xitem.seatBack@0
Found ItemStack BiblioCraft:item.seatBack4. 64xitem.seatBack@0
Found ItemStack BiblioCraft:item.seatBack5. 64xitem.seatBack@0
Found ItemStack BiblioCraft:item.tape. 64xitem.tape@0
Found ItemStack BiblioCraft:item.tapeMeasure. 1xitem.tapeMeasure@0
Loading: AppliedEnergistics2.js
getFacadeItem called. Returned: appliedenergistics2:item.ItemFacade
getSubTypes called.
getNumberOfTypes called. Returned: 3453
The function override_item is deprecated. Please use override instead! This function will be removed in a future version!
override called. Params: appliedenergistics2, item.ItemFacade, 3060
Regex match found! appliedenergistics2:item.ItemFacade matches appliedenergistics2:item.ItemFacade.
Found ItemStack appliedenergistics2:item.ItemFacade. 64xitem.appliedenergistics2.ItemFacade@0
Loading: Tcon.js
override called. Params: TConstruct, tool*, 0
Regex match found! TConstruct:tool* matches TConstruct:toolRod.
Regex match found! TConstruct:tool* matches TConstruct:toolShard.
Found ItemStack TConstruct:toolRod. 64xitem.tconstruct.ToolRod@0
Found ItemStack TConstruct:toolShard. 64xitem.tconstruct.ToolShard@0
override called. Params: TConstruct, binding, 0
Regex match found! TConstruct:binding matches TConstruct:binding.
Found ItemStack TConstruct:binding. 64xitem.tconstruct.Binding@0
override called. Params: TConstruct, scytheBlade, 0
Regex match found! TConstruct:scytheBlade matches TConstruct:scytheBlade.
Found ItemStack TConstruct:scytheBlade. 64xitem.tconstruct.ScytheHead@0
Loading: MFR.js
override called. Params: MineFactoryReloaded, tile.mfr.stainedglass.block, 0
hide called. Params: MineFactoryReloaded:fluid.mfr.liquid.milk.still, 0
override called. Params: MineFactoryReloaded, tile.mfr.stainedglass.pane, 0
override called. Params: MineFactoryReloaded, tile.mfr.conveyor, 0
Loading: BCAdditions.js
override called. Params: bcadditions, ironCanister, 0
Regex match found! bcadditions:ironCanister matches bcadditions:ironCanister.
Found ItemStack bcadditions:ironCanister. 1xitem.ironCanister@0
override called. Params: bcadditions, goldCanister, 0
Regex match found! bcadditions:goldCanister matches bcadditions:goldCanister.
Found ItemStack bcadditions:goldCanister. 1xitem.goldCanister@0
override called. Params: bcadditions, diamondCanister, 0
Regex match found! bcadditions:diamondCanister matches bcadditions:diamondCanister.
Found ItemStack bcadditions:diamondCanister. 1xitem.diamondCanister@0
Loading: PressurePipes.js
Loading: ExtraCells.js
override called. Params: extracells, pattern.fluid, 0
Regex match found! extracells:pattern.fluid matches extracells:pattern.fluid.
Found ItemStack extracells:pattern.fluid. 1xitem.extracells.pattern.fluid@0
Loading: Gendustry.js
hide called. Params: gendustry, GeneSample
Regex match found! gendustry:GeneSample matches gendustry:GeneSample.
Found ItemStack gendustry:GeneSample. 1xitem.gendustry.GeneSample@0
Loading: IC2.js
Loading: BiblioWoods.js
override called. Params: BiblioWoodsForestry, *, 0
Regex match found! BiblioWoodsForestry:* matches BiblioWoodsForestry:BiblioWoodClock.
Regex match found! BiblioWoodsForestry:* matches BiblioWoodsForestry:BiblioWoodClock2.
Regex match found! BiblioWoodsForestry:* matches BiblioWoodsForestry:BiblioWoodFancySign.
Regex match found! BiblioWoodsForestry:* matches BiblioWoodsForestry:BiblioWoodFancySign2.
Regex match found! BiblioWoodsForestry:* matches BiblioWoodsForestry:BiblioWoodFancyWorkbench.
Regex match found! BiblioWoodsForestry:* matches BiblioWoodsForestry:BiblioWoodFancyWorkbench2.
Regex match found! BiblioWoodsForestry:* matches BiblioWoodsForestry:BiblioWoodFstBookcase.
Regex match found! BiblioWoodsForestry:* matches BiblioWoodsForestry:BiblioWoodFstBookcase2.
Regex match found! BiblioWoodsForestry:* matches BiblioWoodsForestry:BiblioWoodFstcase0.
Regex match found! BiblioWoodsForestry:* matches BiblioWoodsForestry:BiblioWoodFstcase1.
Regex match found! BiblioWoodsForestry:* matches BiblioWoodsForestry:BiblioWoodFstdesk.
Regex match found! BiblioWoodsForestry:* matches BiblioWoodsForestry:BiblioWoodFstdesk2.
Regex match found! BiblioWoodsForestry:* matches BiblioWoodsForestry:BiblioWoodFstlabel.
Regex match found! BiblioWoodsForestry:* matches BiblioWoodsForestry:BiblioWoodFstlabel2.
Regex match found! BiblioWoodsForestry:* matches BiblioWoodsForestry:BiblioWoodFstpotshelf.
Regex match found! BiblioWoodsForestry:* matches BiblioWoodsForestry:BiblioWoodFstpotshelf2.
Regex match found! BiblioWoodsForestry:* matches BiblioWoodsForestry:BiblioWoodFstrack.
Regex match found! BiblioWoodsForestry:* matches BiblioWoodsForestry:BiblioWoodFstrack2.
Regex match found! BiblioWoodsForestry:* matches BiblioWoodsForestry:BiblioWoodFstshelf.
Regex match found! BiblioWoodsForestry:* matches BiblioWoodsForestry:BiblioWoodFstshelf2.
Regex match found! BiblioWoodsForestry:* matches BiblioWoodsForestry:BiblioWoodFsttable.
Regex match found! BiblioWoodsForestry:* matches BiblioWoodsForestry:BiblioWoodFsttable2.
Regex match found! BiblioWoodsForestry:* matches BiblioWoodsForestry:BiblioWoodMapFrame.
Regex match found! BiblioWoodsForestry:* matches BiblioWoodsForestry:BiblioWoodMapFrame2.
Regex match found! BiblioWoodsForestry:* matches BiblioWoodsForestry:BiblioWoodPaintingT0.
Regex match found! BiblioWoodsForestry:* matches BiblioWoodsForestry:BiblioWoodPaintingT0b.
Regex match found! BiblioWoodsForestry:* matches BiblioWoodsForestry:BiblioWoodPaintingT1.
Regex match found! BiblioWoodsForestry:* matches BiblioWoodsForestry:BiblioWoodPaintingT1b.
Regex match found! BiblioWoodsForestry:* matches BiblioWoodsForestry:BiblioWoodPaintingT2.
Regex match found! BiblioWoodsForestry:* matches BiblioWoodsForestry:BiblioWoodPaintingT2b.
Regex match found! BiblioWoodsForestry:* matches BiblioWoodsForestry:BiblioWoodPaintingT3.
Regex match found! BiblioWoodsForestry:* matches BiblioWoodsForestry:BiblioWoodPaintingT3b.
Regex match found! BiblioWoodsForestry:* matches BiblioWoodsForestry:BiblioWoodPaintingT4.
Regex match found! BiblioWoodsForestry:* matches BiblioWoodsForestry:BiblioWoodPaintingT4b.
Regex match found! BiblioWoodsForestry:* matches BiblioWoodsForestry:BiblioWoodSeat.
Regex match found! BiblioWoodsForestry:* matches BiblioWoodsForestry:BiblioWoodSeat2.
Regex match found! BiblioWoodsForestry:* matches BiblioWoodsForestry:seatBack1.
Regex match found! BiblioWoodsForestry:* matches BiblioWoodsForestry:seatBack2.
Regex match found! BiblioWoodsForestry:* matches BiblioWoodsForestry:seatBack3.
Regex match found! BiblioWoodsForestry:* matches BiblioWoodsForestry:seatBack4.
Regex match found! BiblioWoodsForestry:* matches BiblioWoodsForestry:seatBack5.
Found ItemStack BiblioWoodsForestry:BiblioWoodClock. 64xtile.BiblioWoodClock@0
Found ItemStack BiblioWoodsForestry:BiblioWoodClock2. 64xtile.BiblioWoodClock2@0
Found ItemStack BiblioWoodsForestry:BiblioWoodFancySign. 64xtile.BiblioWoodFancySign@0
Found ItemStack BiblioWoodsForestry:BiblioWoodFancySign2. 64xtile.BiblioWoodFancySign2@0
Found ItemStack BiblioWoodsForestry:BiblioWoodFancyWorkbench. 64xtile.BiblioWoodFancyWorkbench@0
Found ItemStack BiblioWoodsForestry:BiblioWoodFancyWorkbench2. 64xtile.BiblioWoodFancyWorkbench2@0
Found ItemStack BiblioWoodsForestry:BiblioWoodFstBookcase. 64xtile.BiblioWoodFstBookcase@0
Found ItemStack BiblioWoodsForestry:BiblioWoodFstBookcase2. 64xtile.BiblioWoodFstBookcase2@0
Found ItemStack BiblioWoodsForestry:BiblioWoodFstcase0. 64xtile.BiblioWoodFstcase0@0
Found ItemStack BiblioWoodsForestry:BiblioWoodFstcase1. 64xtile.BiblioWoodFstcase1@0
Found ItemStack BiblioWoodsForestry:BiblioWoodFstdesk. 64xtile.BiblioWoodFstdesk@0
Found ItemStack BiblioWoodsForestry:BiblioWoodFstdesk2. 64xtile.BiblioWoodFstdesk2@0
Found ItemStack BiblioWoodsForestry:BiblioWoodFstlabel. 64xtile.BiblioWoodFstlabel@0
Found ItemStack BiblioWoodsForestry:BiblioWoodFstlabel2. 64xtile.BiblioWoodFstlabel2@0
Found ItemStack BiblioWoodsForestry:BiblioWoodFstpotshelf. 64xtile.BiblioWoodFstpotshelf@0
Found ItemStack BiblioWoodsForestry:BiblioWoodFstpotshelf2. 64xtile.BiblioWoodFstpotshelf2@0
Found ItemStack BiblioWoodsForestry:BiblioWoodFstrack. 64xtile.BiblioWoodFstrack@0
Found ItemStack BiblioWoodsForestry:BiblioWoodFstrack2. 64xtile.BiblioWoodFstrack2@0
Found ItemStack BiblioWoodsForestry:BiblioWoodFstshelf. 64xtile.BiblioWoodFstshelf@0
Found ItemStack BiblioWoodsForestry:BiblioWoodFstshelf2. 64xtile.BiblioWoodFstshelf2@0
Found ItemStack BiblioWoodsForestry:BiblioWoodFsttable. 64xtile.BiblioWoodFsttable@0
Found ItemStack BiblioWoodsForestry:BiblioWoodFsttable2. 64xtile.BiblioWoodFsttable2@0
Found ItemStack BiblioWoodsForestry:BiblioWoodMapFrame. 64xtile.BiblioWoodMapFrame@0
Found ItemStack BiblioWoodsForestry:BiblioWoodMapFrame2. 64xtile.BiblioWoodMapFrame2@0
Found ItemStack BiblioWoodsForestry:BiblioWoodPaintingT0. 64xtile.BiblioWoodPaintingT0@0
Found ItemStack BiblioWoodsForestry:BiblioWoodPaintingT0b. 64xtile.BiblioWoodPaintingT0b@0
Found ItemStack BiblioWoodsForestry:BiblioWoodPaintingT1. 64xtile.BiblioWoodPaintingT1@0
Found ItemStack BiblioWoodsForestry:BiblioWoodPaintingT1b. 64xtile.BiblioWoodPaintingT1b@0
Found ItemStack BiblioWoodsForestry:BiblioWoodPaintingT2. 64xtile.BiblioWoodPaintingT2@0
Found ItemStack BiblioWoodsForestry:BiblioWoodPaintingT2b. 64xtile.BiblioWoodPaintingT2b@0
Found ItemStack BiblioWoodsForestry:BiblioWoodPaintingT3. 64xtile.BiblioWoodPaintingT3@0
Found ItemStack BiblioWoodsForestry:BiblioWoodPaintingT3b. 64xtile.BiblioWoodPaintingT3b@0
Found ItemStack BiblioWoodsForestry:BiblioWoodPaintingT4. 64xtile.BiblioWoodPaintingT4@0
Found ItemStack BiblioWoodsForestry:BiblioWoodPaintingT4b. 64xtile.BiblioWoodPaintingT4b@0
Found ItemStack BiblioWoodsForestry:BiblioWoodSeat. 64xtile.BiblioWoodSeat@0
Found ItemStack BiblioWoodsForestry:BiblioWoodSeat2. 64xtile.BiblioWoodSea2t@0
Found ItemStack BiblioWoodsForestry:seatBack1. 64xitem.seatBack@0
Found ItemStack BiblioWoodsForestry:seatBack2. 64xitem.seatBack@0
Found ItemStack BiblioWoodsForestry:seatBack3. 64xitem.seatBack@0
Found ItemStack BiblioWoodsForestry:seatBack4. 64xitem.seatBack@0
Found ItemStack BiblioWoodsForestry:seatBack5. 64xitem.seatBack@0
hide called. Params: BiblioWoodsForestry, BiblioWoodFst*2
Regex match found! BiblioWoodsForestry:BiblioWoodFst*2 matches BiblioWoodsForestry:BiblioWoodFstBookcase2.
Regex match found! BiblioWoodsForestry:BiblioWoodFst*2 matches BiblioWoodsForestry:BiblioWoodFstdesk2.
Regex match found! BiblioWoodsForestry:BiblioWoodFst*2 matches BiblioWoodsForestry:BiblioWoodFstlabel2.
Regex match found! BiblioWoodsForestry:BiblioWoodFst*2 matches BiblioWoodsForestry:BiblioWoodFstpotshelf2.
Regex match found! BiblioWoodsForestry:BiblioWoodFst*2 matches BiblioWoodsForestry:BiblioWoodFstrack2.
Regex match found! BiblioWoodsForestry:BiblioWoodFst*2 matches BiblioWoodsForestry:BiblioWoodFstshelf2.
Regex match found! BiblioWoodsForestry:BiblioWoodFst*2 matches BiblioWoodsForestry:BiblioWoodFsttable2.
Found ItemStack BiblioWoodsForestry:BiblioWoodFstBookcase2. 64xtile.BiblioWoodFstBookcase2@0
Found ItemStack BiblioWoodsForestry:BiblioWoodFstdesk2. 64xtile.BiblioWoodFstdesk2@0
Found ItemStack BiblioWoodsForestry:BiblioWoodFstlabel2. 64xtile.BiblioWoodFstlabel2@0
Found ItemStack BiblioWoodsForestry:BiblioWoodFstpotshelf2. 64xtile.BiblioWoodFstpotshelf2@0
Found ItemStack BiblioWoodsForestry:BiblioWoodFstrack2. 64xtile.BiblioWoodFstrack2@0
Found ItemStack BiblioWoodsForestry:BiblioWoodFstshelf2. 64xtile.BiblioWoodFstshelf2@0
Found ItemStack BiblioWoodsForestry:BiblioWoodFsttable2. 64xtile.BiblioWoodFsttable2@0
hide called. Params: BiblioWoodsForestry, BiblioWoodFstcase1
Regex match found! BiblioWoodsForestry:BiblioWoodFstcase1 matches BiblioWoodsForestry:BiblioWoodFstcase1.
Found ItemStack BiblioWoodsForestry:BiblioWoodFstcase1. 64xtile.BiblioWoodFstcase1@0
hide called. Params: BiblioWoodsForestry, BiblioWoodSeat2
Regex match found! BiblioWoodsForestry:BiblioWoodSeat2 matches BiblioWoodsForestry:BiblioWoodSeat2.
Found ItemStack BiblioWoodsForestry:BiblioWoodSeat2. 64xtile.BiblioWoodSea2t@0
hide called. Params: BiblioWoodsForestry, BiblioWoodMapFrame2
Regex match found! BiblioWoodsForestry:BiblioWoodMapFrame2 matches BiblioWoodsForestry:BiblioWoodMapFrame2.
Found ItemStack BiblioWoodsForestry:BiblioWoodMapFrame2. 64xtile.BiblioWoodMapFrame2@0
hide called. Params: BiblioWoodsForestry, BiblioWoodFancySign2
Regex match found! BiblioWoodsForestry:BiblioWoodFancySign2 matches BiblioWoodsForestry:BiblioWoodFancySign2.
Found ItemStack BiblioWoodsForestry:BiblioWoodFancySign2. 64xtile.BiblioWoodFancySign2@0
hide called. Params: BiblioWoodsForestry, BiblioWoodFancyWorkbench2
Regex match found! BiblioWoodsForestry:BiblioWoodFancyWorkbench2 matches BiblioWoodsForestry:BiblioWoodFancyWorkbench2.
Found ItemStack BiblioWoodsForestry:BiblioWoodFancyWorkbench2. 64xtile.BiblioWoodFancyWorkbench2@0
hide called. Params: BiblioWoodsForestry, BiblioWoodClock2
Regex match found! BiblioWoodsForestry:BiblioWoodClock2 matches BiblioWoodsForestry:BiblioWoodClock2.
Found ItemStack BiblioWoodsForestry:BiblioWoodClock2. 64xtile.BiblioWoodClock2@0
hide called. Params: BiblioWoodsForestry, BiblioWoodPaintingT*b
Regex match found! BiblioWoodsForestry:BiblioWoodPaintingT*b matches BiblioWoodsForestry:BiblioWoodPaintingT0b.
Regex match found! BiblioWoodsForestry:BiblioWoodPaintingT*b matches BiblioWoodsForestry:BiblioWoodPaintingT1b.
Regex match found! BiblioWoodsForestry:BiblioWoodPaintingT*b matches BiblioWoodsForestry:BiblioWoodPaintingT2b.
Regex match found! BiblioWoodsForestry:BiblioWoodPaintingT*b matches BiblioWoodsForestry:BiblioWoodPaintingT3b.
Regex match found! BiblioWoodsForestry:BiblioWoodPaintingT*b matches BiblioWoodsForestry:BiblioWoodPaintingT4b.
Found ItemStack BiblioWoodsForestry:BiblioWoodPaintingT0b. 64xtile.BiblioWoodPaintingT0b@0
Found ItemStack BiblioWoodsForestry:BiblioWoodPaintingT1b. 64xtile.BiblioWoodPaintingT1b@0
Found ItemStack BiblioWoodsForestry:BiblioWoodPaintingT2b. 64xtile.BiblioWoodPaintingT2b@0
Found ItemStack BiblioWoodsForestry:BiblioWoodPaintingT3b. 64xtile.BiblioWoodPaintingT3b@0
Found ItemStack BiblioWoodsForestry:BiblioWoodPaintingT4b. 64xtile.BiblioWoodPaintingT4b@0
override called. Params: BiblioWoodsNatura, *, 0
Regex match found! BiblioWoodsNatura:* matches BiblioWoodsNatura:BiblioWoodBookcase.
Regex match found! BiblioWoodsNatura:* matches BiblioWoodsNatura:BiblioWoodClock.
Regex match found! BiblioWoodsNatura:* matches BiblioWoodsNatura:BiblioWoodFancySign.
Regex match found! BiblioWoodsNatura:* matches BiblioWoodsNatura:BiblioWoodFancyWorkbench.
Regex match found! BiblioWoodsNatura:* matches BiblioWoodsNatura:BiblioWoodMapFrame.
Regex match found! BiblioWoodsNatura:* matches BiblioWoodsNatura:BiblioWoodPaintingT0.
Regex match found! BiblioWoodsNatura:* matches BiblioWoodsNatura:BiblioWoodPaintingT1.
Regex match found! BiblioWoodsNatura:* matches BiblioWoodsNatura:BiblioWoodPaintingT2.
Regex match found! BiblioWoodsNatura:* matches BiblioWoodsNatura:BiblioWoodPaintingT3.
Regex match found! BiblioWoodsNatura:* matches BiblioWoodsNatura:BiblioWoodPaintingT4.
Regex match found! BiblioWoodsNatura:* matches BiblioWoodsNatura:BiblioWoodSeat.
Regex match found! BiblioWoodsNatura:* matches BiblioWoodsNatura:BiblioWoodcase0.
Regex match found! BiblioWoodsNatura:* matches BiblioWoodsNatura:BiblioWooddesk.
Regex match found! BiblioWoodsNatura:* matches BiblioWoodsNatura:BiblioWoodlabel.
Regex match found! BiblioWoodsNatura:* matches BiblioWoodsNatura:BiblioWoodpotshelf.
Regex match found! BiblioWoodsNatura:* matches BiblioWoodsNatura:BiblioWoodrack.
Regex match found! BiblioWoodsNatura:* matches BiblioWoodsNatura:BiblioWoodshelf.
Regex match found! BiblioWoodsNatura:* matches BiblioWoodsNatura:BiblioWoodtable.
Regex match found! BiblioWoodsNatura:* matches BiblioWoodsNatura:seatBack1.
Regex match found! BiblioWoodsNatura:* matches BiblioWoodsNatura:seatBack2.
Regex match found! BiblioWoodsNatura:* matches BiblioWoodsNatura:seatBack3.
Regex match found! BiblioWoodsNatura:* matches BiblioWoodsNatura:seatBack4.
Regex match found! BiblioWoodsNatura:* matches BiblioWoodsNatura:seatBack5.
Found ItemStack BiblioWoodsNatura:BiblioWoodBookcase. 64xtile.BiblioWoodBookcase@0
Found ItemStack BiblioWoodsNatura:BiblioWoodClock. 64xtile.BiblioWoodClock@0
Found ItemStack BiblioWoodsNatura:BiblioWoodFancySign. 64xtile.BiblioWoodFancySign@0
Found ItemStack BiblioWoodsNatura:BiblioWoodFancyWorkbench. 64xtile.BiblioWoodFancyWorkbench@0
Found ItemStack BiblioWoodsNatura:BiblioWoodMapFrame. 64xtile.BiblioWoodMapFrame@0
Found ItemStack BiblioWoodsNatura:BiblioWoodPaintingT0. 64xtile.BiblioWoodPaintingT0@0
Found ItemStack BiblioWoodsNatura:BiblioWoodPaintingT1. 64xtile.BiblioWoodPaintingT1@0
Found ItemStack BiblioWoodsNatura:BiblioWoodPaintingT2. 64xtile.BiblioWoodPaintingT2@0
Found ItemStack BiblioWoodsNatura:BiblioWoodPaintingT3. 64xtile.BiblioWoodPaintingT3@0
Found ItemStack BiblioWoodsNatura:BiblioWoodPaintingT4. 64xtile.BiblioWoodPaintingT4@0
Found ItemStack BiblioWoodsNatura:BiblioWoodSeat. 64xtile.BiblioWoodSeat@0
Found ItemStack BiblioWoodsNatura:BiblioWoodcase0. 64xtile.BiblioWoodcase@0
Found ItemStack BiblioWoodsNatura:BiblioWooddesk. 64xtile.BiblioWooddesk@0
Found ItemStack BiblioWoodsNatura:BiblioWoodlabel. 64xtile.BiblioWoodlabel@0
Found ItemStack BiblioWoodsNatura:BiblioWoodpotshelf. 64xtile.BiblioWoodpotshelf@0
Found ItemStack BiblioWoodsNatura:BiblioWoodrack. 64xtile.BiblioWoodrack@0
Found ItemStack BiblioWoodsNatura:BiblioWoodshelf. 64xtile.BiblioWoodshelf@0
Found ItemStack BiblioWoodsNatura:BiblioWoodtable. 64xtile.BiblioWoodtable@0
Found ItemStack BiblioWoodsNatura:seatBack1. 64xitem.seatBack@0
Found ItemStack BiblioWoodsNatura:seatBack2. 64xitem.seatBack@0
Found ItemStack BiblioWoodsNatura:seatBack3. 64xitem.seatBack@0
Found ItemStack BiblioWoodsNatura:seatBack4. 64xitem.seatBack@0
Found ItemStack BiblioWoodsNatura:seatBack5. 64xitem.seatBack@0
